<component name="libraryTable">
  <library name="junit-4.12">
    <CLASSES>
      <root url="jar://$APPLICATION_HOME_DIR$/lib/junit-4.12.jar!/" />
      <root url="jar://$MAVEN_REPOSITORY$/com/google/code/gson/gson/2.6.2/gson-2.6.2.jar!/" />
    </CLASSES>
    <JAVADOC />
    <SOURCES />
  </library>
</component>